Analysis & Synthesis report for top_level_vhd
Fri Nov 29 09:30:40 2019
Quartus II Version 9.1 Build 222 10/21/2009 SJ Web Edition


---------------------
; Table of Contents ;
---------------------
  1. Legal Notice
  2. Analysis & Synthesis Summary
  3. Analysis & Synthesis Settings
  4. Parallel Compilation
  5. Analysis & Synthesis Source Files Read
  6. Analysis & Synthesis Resource Usage Summary
  7. Analysis & Synthesis Resource Utilization by Entity
  8. State Machine - |top_level_vhd|tictactoe:tictactoe0|cstate
  9. User-Specified and Inferred Latches
 10. Registers Removed During Synthesis
 11. General Register Statistics
 12. Multiplexer Restructuring Statistics (Restructuring Performed)
 13. Port Connectivity Checks: "tictactoe:tictactoe0"
 14. Port Connectivity Checks: "display_vhd:module_vga|color_rom_vhd:color_rom0"
 15. Port Connectivity Checks: "display_vhd:module_vga|vga:vga_driver0"
 16. Port Connectivity Checks: "display_vhd:module_vga"
 17. Analysis & Synthesis Messages



----------------
; Legal Notice ;
----------------
Copyright (C) 1991-2009 Altera Corporation
Your use of Altera Corporation's design tools, logic functions 
and other software and tools, and its AMPP partner logic 
functions, and any output files from any of the foregoing 
(including device programming or simulation files), and any 
associated documentation or information are expressly subject 
to the terms and conditions of the Altera Program License 
Subscription Agreement, Altera MegaCore Function License 
Agreement, or other applicable license agreement, including, 
without limitation, that your use is for the sole purpose of 
programming logic devices manufactured by Altera and sold by 
Altera or its authorized distributors.  Please refer to the 
applicable agreement for further details.



+------------------------------------------------------------------------------+
; Analysis & Synthesis Summary                                                 ;
+------------------------------------+-----------------------------------------+
; Analysis & Synthesis Status        ; Successful - Fri Nov 29 09:30:40 2019   ;
; Quartus II Version                 ; 9.1 Build 222 10/21/2009 SJ Web Edition ;
; Revision Name                      ; top_level_vhd                           ;
; Top-level Entity Name              ; top_level_vhd                           ;
; Family                             ; Cyclone II                              ;
; Total logic elements               ; 431                                     ;
;     Total combinational functions  ; 394                                     ;
;     Dedicated logic registers      ; 115                                     ;
; Total registers                    ; 115                                     ;
; Total pins                         ; 79                                      ;
; Total virtual pins                 ; 0                                       ;
; Total memory bits                  ; 0                                       ;
; Embedded Multiplier 9-bit elements ; 0                                       ;
; Total PLLs                         ; 0                                       ;
+------------------------------------+-----------------------------------------+


+----------------------------------------------------------------------------------------------------------------------+
; Analysis & Synthesis Settings                                                                                        ;
+----------------------------------------------------------------------------+--------------------+--------------------+
; Option                                                                     ; Setting            ; Default Value      ;
+----------------------------------------------------------------------------+--------------------+--------------------+
; Device                                                                     ; EP2C20F484C7       ;                    ;
; Top-level entity name                                                      ; top_level_vhd      ; top_level_vhd      ;
; Family name                                                                ; Cyclone II         ; Stratix II         ;
; Use Generated Physical Constraints File                                    ; Off                ;                    ;
; Use smart compilation                                                      ; Off                ; Off                ;
; Enable parallel Assembler and TimeQuest Timing Analyzer during compilation ; On                 ; On                 ;
; Enable compact report table                                                ; Off                ; Off                ;
; Restructure Multiplexers                                                   ; Auto               ; Auto               ;
; Create Debugging Nodes for IP Cores                                        ; Off                ; Off                ;
; Preserve fewer node names                                                  ; On                 ; On                 ;
; Disable OpenCore Plus hardware evaluation                                  ; Off                ; Off                ;
; Verilog Version                                                            ; Verilog_2001       ; Verilog_2001       ;
; VHDL Version                                                               ; VHDL_1993          ; VHDL_1993          ;
; State Machine Processing                                                   ; Auto               ; Auto               ;
; Safe State Machine                                                         ; Off                ; Off                ;
; Extract Verilog State Machines                                             ; On                 ; On                 ;
; Extract VHDL State Machines                                                ; On                 ; On                 ;
; Ignore Verilog initial constructs                                          ; Off                ; Off                ;
; Iteration limit for constant Verilog loops                                 ; 5000               ; 5000               ;
; Iteration limit for non-constant Verilog loops                             ; 250                ; 250                ;
; Add Pass-Through Logic to Inferred RAMs                                    ; On                 ; On                 ;
; Parallel Synthesis                                                         ; Off                ; Off                ;
; DSP Block Balancing                                                        ; Auto               ; Auto               ;
; NOT Gate Push-Back                                                         ; On                 ; On                 ;
; Power-Up Don't Care                                                        ; On                 ; On                 ;
; Remove Redundant Logic Cells                                               ; Off                ; Off                ;
; Remove Duplicate Registers                                                 ; On                 ; On                 ;
; Ignore CARRY Buffers                                                       ; Off                ; Off                ;
; Ignore CASCADE Buffers                                                     ; Off                ; Off                ;
; Ignore GLOBAL Buffers                                                      ; Off                ; Off                ;
; Ignore ROW GLOBAL Buffers                                                  ; Off                ; Off                ;
; Ignore LCELL Buffers                                                       ; Off                ; Off                ;
; Ignore SOFT Buffers                                                        ; On                 ; On                 ;
; Limit AHDL Integers to 32 Bits                                             ; Off                ; Off                ;
; Optimization Technique                                                     ; Balanced           ; Balanced           ;
; Carry Chain Length                                                         ; 70                 ; 70                 ;
; Auto Carry Chains                                                          ; On                 ; On                 ;
; Auto Open-Drain Pins                                                       ; On                 ; On                 ;
; Perform WYSIWYG Primitive Resynthesis                                      ; Off                ; Off                ;
; Auto ROM Replacement                                                       ; On                 ; On                 ;
; Auto RAM Replacement                                                       ; On                 ; On                 ;
; Auto Shift Register Replacement                                            ; Auto               ; Auto               ;
; Auto Clock Enable Replacement                                              ; On                 ; On                 ;
; Strict RAM Replacement                                                     ; Off                ; Off                ;
; Allow Synchronous Control Signals                                          ; On                 ; On                 ;
; Force Use of Synchronous Clear Signals                                     ; Off                ; Off                ;
; Auto RAM to Logic Cell Conversion                                          ; Off                ; Off                ;
; Auto Resource Sharing                                                      ; Off                ; Off                ;
; Allow Any RAM Size For Recognition                                         ; Off                ; Off                ;
; Allow Any ROM Size For Recognition                                         ; Off                ; Off                ;
; Allow Any Shift Register Size For Recognition                              ; Off                ; Off                ;
; Use LogicLock Constraints during Resource Balancing                        ; On                 ; On                 ;
; Ignore translate_off and synthesis_off directives                          ; Off                ; Off                ;
; Timing-Driven Synthesis                                                    ; Off                ; Off                ;
; Show Parameter Settings Tables in Synthesis Report                         ; On                 ; On                 ;
; Ignore Maximum Fan-Out Assignments                                         ; Off                ; Off                ;
; Synchronization Register Chain Length                                      ; 2                  ; 2                  ;
; PowerPlay Power Optimization                                               ; Normal compilation ; Normal compilation ;
; HDL message level                                                          ; Level2             ; Level2             ;
; Suppress Register Optimization Related Messages                            ; Off                ; Off                ;
; Number of Removed Registers Reported in Synthesis Report                   ; 100                ; 100                ;
; Number of Inverted Registers Reported in Synthesis Report                  ; 100                ; 100                ;
; Clock MUX Protection                                                       ; On                 ; On                 ;
; Auto Gated Clock Conversion                                                ; Off                ; Off                ;
; Block Design Naming                                                        ; Auto               ; Auto               ;
; SDC constraint protection                                                  ; Off                ; Off                ;
; Synthesis Effort                                                           ; Auto               ; Auto               ;
; Shift Register Replacement - Allow Asynchronous Clear Signal               ; On                 ; On                 ;
; Analysis & Synthesis Message Level                                         ; Medium             ; Medium             ;
; Disable Register Merging Across Hierarchies                                ; Auto               ; Auto               ;
; Resource Aware Inference For Block RAM                                     ; On                 ; On                 ;
+----------------------------------------------------------------------------+--------------------+--------------------+


Parallel compilation was disabled, but you have multiple processors available. Enable parallel compilation to reduce compilation time.
+-------------------------------------+
; Parallel Compilation                ;
+----------------------------+--------+
; Processors                 ; Number ;
+----------------------------+--------+
; Number detected on machine ; 2      ;
; Maximum allowed            ; 1      ;
+----------------------------+--------+


+--------------------------------------------------------------------------------------------------------------------------------------+
; Analysis & Synthesis Source Files Read                                                                                               ;
+----------------------------------+-----------------+-----------------+---------------------------------------------------------------+
; File Name with User-Entered Path ; Used in Netlist ; File Type       ; File Name with Absolute Path                                  ;
+----------------------------------+-----------------+-----------------+---------------------------------------------------------------+
; color_rom_vhd.vhd                ; yes             ; User VHDL File  ; D:/temp tubes bawa praktikum/New folder (2)/color_rom_vhd.vhd ;
; display_vhd.vhd                  ; yes             ; User VHDL File  ; D:/temp tubes bawa praktikum/New folder (2)/display_vhd.vhd   ;
; top_level_vhd.vhd                ; yes             ; User VHDL File  ; D:/temp tubes bawa praktikum/New folder (2)/top_level_vhd.vhd ;
; vga.vhd                          ; yes             ; User VHDL File  ; D:/temp tubes bawa praktikum/New folder (2)/vga.vhd           ;
; CLOCKDIV.vhd                     ; yes             ; User VHDL File  ; D:/temp tubes bawa praktikum/New folder (2)/CLOCKDIV.vhd      ;
; tictactoe.vhd                    ; yes             ; User VHDL File  ; D:/temp tubes bawa praktikum/New folder (2)/tictactoe.vhd     ;
+----------------------------------+-----------------+-----------------+---------------------------------------------------------------+


+--------------------------------------------------------------------------------------------------+
; Analysis & Synthesis Resource Usage Summary                                                      ;
+---------------------------------------------+----------------------------------------------------+
; Resource                                    ; Usage                                              ;
+---------------------------------------------+----------------------------------------------------+
; Estimated Total logic elements              ; 431                                                ;
;                                             ;                                                    ;
; Total combinational functions               ; 394                                                ;
; Logic element usage by number of LUT inputs ;                                                    ;
;     -- 4 input functions                    ; 210                                                ;
;     -- 3 input functions                    ; 98                                                 ;
;     -- <=2 input functions                  ; 86                                                 ;
;                                             ;                                                    ;
; Logic elements by mode                      ;                                                    ;
;     -- normal mode                          ; 345                                                ;
;     -- arithmetic mode                      ; 49                                                 ;
;                                             ;                                                    ;
; Total registers                             ; 115                                                ;
;     -- Dedicated logic registers            ; 115                                                ;
;     -- I/O registers                        ; 0                                                  ;
;                                             ;                                                    ;
; I/O pins                                    ; 79                                                 ;
; Maximum fan-out node                        ; display_vhd:module_vga|vga:vga_driver0|clock_25MHz ;
; Maximum fan-out                             ; 44                                                 ;
; Total fan-out                               ; 1642                                               ;
; Average fan-out                             ; 2.79                                               ;
+---------------------------------------------+----------------------------------------------------+


+------------------------------------------------------------------------------------------------------------------------------------------------------------------------------------------------------------------------------+
; Analysis & Synthesis Resource Utilization by Entity                                                                                                                                                                          ;
+----------------------------------+-------------------+--------------+-------------+--------------+---------+-----------+------+--------------+----------------------------------------------------------------+--------------+
; Compilation Hierarchy Node       ; LC Combinationals ; LC Registers ; Memory Bits ; DSP Elements ; DSP 9x9 ; DSP 18x18 ; Pins ; Virtual Pins ; Full Hierarchy Name                                            ; Library Name ;
+----------------------------------+-------------------+--------------+-------------+--------------+---------+-----------+------+--------------+----------------------------------------------------------------+--------------+
; |top_level_vhd                   ; 394 (0)           ; 115 (0)      ; 0           ; 0            ; 0       ; 0         ; 79   ; 0            ; |top_level_vhd                                                 ; work         ;
;    |CLOCKDIV:detik|              ; 43 (43)           ; 33 (33)      ; 0           ; 0            ; 0       ; 0         ; 0    ; 0            ; |top_level_vhd|CLOCKDIV:detik                                  ;              ;
;    |display_vhd:module_vga|      ; 254 (7)           ; 44 (0)       ; 0           ; 0            ; 0       ; 0         ; 0    ; 0            ; |top_level_vhd|display_vhd:module_vga                          ;              ;
;       |color_rom_vhd:color_rom0| ; 203 (203)         ; 0 (0)        ; 0           ; 0            ; 0       ; 0         ; 0    ; 0            ; |top_level_vhd|display_vhd:module_vga|color_rom_vhd:color_rom0 ;              ;
;       |vga:vga_driver0|          ; 44 (44)           ; 44 (44)      ; 0           ; 0            ; 0       ; 0         ; 0    ; 0            ; |top_level_vhd|display_vhd:module_vga|vga:vga_driver0          ;              ;
;    |tictactoe:tictactoe0|        ; 97 (97)           ; 38 (38)      ; 0           ; 0            ; 0       ; 0         ; 0    ; 0            ; |top_level_vhd|tictactoe:tictactoe0                            ;              ;
+----------------------------------+-------------------+--------------+-------------+--------------+---------+-----------+------+--------------+----------------------------------------------------------------+--------------+
Note: For table entries with two numbers listed, the numbers in parentheses indicate the number of resources of the given type used by the specific entity alone. The numbers listed outside of parentheses indicate the total resources of the given type used by the specific entity and all of its sub-entities in the hierarchy.


Encoding Type:  One-Hot
+--------------------------------------------------------------------------------------------------------------------------------------------------------------+
; State Machine - |top_level_vhd|tictactoe:tictactoe0|cstate                                                                                                   ;
+------------------+-------------+-----------------+-----------------+------------------+----------------+-----------------+------------------+----------------+
; Name             ; cstate.OVER ; cstate.winCheck ; cstate.P2_press ; cstate.P2_select ; cstate.P2_idle ; cstate.P1_press ; cstate.P1_select ; cstate.P1_idle ;
+------------------+-------------+-----------------+-----------------+------------------+----------------+-----------------+------------------+----------------+
; cstate.P1_idle   ; 0           ; 0               ; 0               ; 0                ; 0              ; 0               ; 0                ; 0              ;
; cstate.P1_select ; 0           ; 0               ; 0               ; 0                ; 0              ; 0               ; 1                ; 1              ;
; cstate.P1_press  ; 0           ; 0               ; 0               ; 0                ; 0              ; 1               ; 0                ; 1              ;
; cstate.P2_idle   ; 0           ; 0               ; 0               ; 0                ; 1              ; 0               ; 0                ; 1              ;
; cstate.P2_select ; 0           ; 0               ; 0               ; 1                ; 0              ; 0               ; 0                ; 1              ;
; cstate.P2_press  ; 0           ; 0               ; 1               ; 0                ; 0              ; 0               ; 0                ; 1              ;
; cstate.winCheck  ; 0           ; 1               ; 0               ; 0                ; 0              ; 0               ; 0                ; 1              ;
; cstate.OVER      ; 1           ; 0               ; 0               ; 0                ; 0              ; 0               ; 0                ; 1              ;
+------------------+-------------+-----------------+-----------------+------------------+----------------+-----------------+------------------+----------------+


+------------------------------------------------------------------------------------------------------------------------------------------------+
; User-Specified and Inferred Latches                                                                                                            ;
+------------------------------------------------------------+----------------------------------------------------------+------------------------+
; Latch Name                                                 ; Latch Enable Signal                                      ; Free of Timing Hazards ;
+------------------------------------------------------------+----------------------------------------------------------+------------------------+
; display_vhd:module_vga|color_rom_vhd:color_rom0|o_red[2]   ; display_vhd:module_vga|color_rom_vhd:color_rom0|o_red[7] ; no                     ;
; display_vhd:module_vga|color_rom_vhd:color_rom0|o_red[3]   ; display_vhd:module_vga|color_rom_vhd:color_rom0|o_red[7] ; no                     ;
; display_vhd:module_vga|color_rom_vhd:color_rom0|o_red[4]   ; display_vhd:module_vga|color_rom_vhd:color_rom0|o_red[7] ; no                     ;
; display_vhd:module_vga|color_rom_vhd:color_rom0|o_red[5]   ; display_vhd:module_vga|color_rom_vhd:color_rom0|o_red[7] ; no                     ;
; display_vhd:module_vga|color_rom_vhd:color_rom0|o_red[6]   ; display_vhd:module_vga|color_rom_vhd:color_rom0|o_red[7] ; no                     ;
; display_vhd:module_vga|color_rom_vhd:color_rom0|o_red[7]   ; display_vhd:module_vga|color_rom_vhd:color_rom0|o_red[7] ; no                     ;
; display_vhd:module_vga|color_rom_vhd:color_rom0|o_green[2] ; display_vhd:module_vga|color_rom_vhd:color_rom0|o_red[7] ; no                     ;
; display_vhd:module_vga|color_rom_vhd:color_rom0|o_green[3] ; display_vhd:module_vga|color_rom_vhd:color_rom0|o_red[7] ; no                     ;
; display_vhd:module_vga|color_rom_vhd:color_rom0|o_green[4] ; display_vhd:module_vga|color_rom_vhd:color_rom0|o_red[7] ; no                     ;
; display_vhd:module_vga|color_rom_vhd:color_rom0|o_green[5] ; display_vhd:module_vga|color_rom_vhd:color_rom0|o_red[7] ; no                     ;
; display_vhd:module_vga|color_rom_vhd:color_rom0|o_green[6] ; display_vhd:module_vga|color_rom_vhd:color_rom0|o_red[7] ; no                     ;
; display_vhd:module_vga|color_rom_vhd:color_rom0|o_green[7] ; display_vhd:module_vga|color_rom_vhd:color_rom0|o_red[7] ; no                     ;
; display_vhd:module_vga|color_rom_vhd:color_rom0|o_blue[2]  ; display_vhd:module_vga|color_rom_vhd:color_rom0|o_red[7] ; no                     ;
; display_vhd:module_vga|color_rom_vhd:color_rom0|o_blue[3]  ; display_vhd:module_vga|color_rom_vhd:color_rom0|o_red[7] ; yes                    ;
; display_vhd:module_vga|color_rom_vhd:color_rom0|o_blue[4]  ; display_vhd:module_vga|color_rom_vhd:color_rom0|o_red[7] ; no                     ;
; display_vhd:module_vga|color_rom_vhd:color_rom0|o_blue[5]  ; display_vhd:module_vga|color_rom_vhd:color_rom0|o_red[7] ; no                     ;
; display_vhd:module_vga|color_rom_vhd:color_rom0|o_blue[6]  ; display_vhd:module_vga|color_rom_vhd:color_rom0|o_red[7] ; no                     ;
; display_vhd:module_vga|color_rom_vhd:color_rom0|o_blue[7]  ; display_vhd:module_vga|color_rom_vhd:color_rom0|o_red[7] ; yes                    ;
; Number of user-specified and inferred latches = 18         ;                                                          ;                        ;
+------------------------------------------------------------+----------------------------------------------------------+------------------------+
Note: All latches listed above may not be present at the end of synthesis due to various synthesis optimizations.


+------------------------------------------------------------------------------------------------+
; Registers Removed During Synthesis                                                             ;
+-------------------------------------------------------+----------------------------------------+
; Register name                                         ; Reason for Removal                     ;
+-------------------------------------------------------+----------------------------------------+
; display_vhd:module_vga|vga:vga_driver0|o_pixel_row[9] ; Stuck at GND due to stuck port data_in ;
; Total Number of Removed Registers = 1                 ;                                        ;
+-------------------------------------------------------+----------------------------------------+


+------------------------------------------------------+
; General Register Statistics                          ;
+----------------------------------------------+-------+
; Statistic                                    ; Value ;
+----------------------------------------------+-------+
; Total registers                              ; 115   ;
; Number of registers using Synchronous Clear  ; 43    ;
; Number of registers using Synchronous Load   ; 0     ;
; Number of registers using Asynchronous Clear ; 0     ;
; Number of registers using Asynchronous Load  ; 0     ;
; Number of registers using Clock Enable       ; 48    ;
; Number of registers using Preset             ; 0     ;
+----------------------------------------------+-------+


+----------------------------------------------------------------------------------------------------------------------------------------------------------------------------------------+
; Multiplexer Restructuring Statistics (Restructuring Performed)                                                                                                                         ;
+--------------------+-----------+---------------+----------------------+------------------------+------------+--------------------------------------------------------------------------+
; Multiplexer Inputs ; Bus Width ; Baseline Area ; Area if Restructured ; Saving if Restructured ; Registered ; Example Multiplexer Output                                               ;
+--------------------+-----------+---------------+----------------------+------------------------+------------+--------------------------------------------------------------------------+
; 7:1                ; 2 bits    ; 8 LEs         ; 4 LEs                ; 4 LEs                  ; Yes        ; |top_level_vhd|tictactoe:tictactoe0|b0[0]                                ;
; 7:1                ; 2 bits    ; 8 LEs         ; 4 LEs                ; 4 LEs                  ; Yes        ; |top_level_vhd|tictactoe:tictactoe0|win[1]                               ;
; 9:1                ; 2 bits    ; 12 LEs        ; 4 LEs                ; 8 LEs                  ; Yes        ; |top_level_vhd|tictactoe:tictactoe0|b1[0]                                ;
; 11:1               ; 2 bits    ; 14 LEs        ; 4 LEs                ; 10 LEs                 ; Yes        ; |top_level_vhd|tictactoe:tictactoe0|b2[0]                                ;
; 13:1               ; 2 bits    ; 16 LEs        ; 4 LEs                ; 12 LEs                 ; Yes        ; |top_level_vhd|tictactoe:tictactoe0|b3[1]                                ;
; 13:1               ; 4 bits    ; 32 LEs        ; 4 LEs                ; 28 LEs                 ; Yes        ; |top_level_vhd|tictactoe:tictactoe0|countTurn[2]                         ;
; 15:1               ; 2 bits    ; 20 LEs        ; 4 LEs                ; 16 LEs                 ; Yes        ; |top_level_vhd|tictactoe:tictactoe0|b4[0]                                ;
; 17:1               ; 2 bits    ; 22 LEs        ; 4 LEs                ; 18 LEs                 ; Yes        ; |top_level_vhd|tictactoe:tictactoe0|b5[1]                                ;
; 19:1               ; 2 bits    ; 24 LEs        ; 4 LEs                ; 20 LEs                 ; Yes        ; |top_level_vhd|tictactoe:tictactoe0|b6[1]                                ;
; 21:1               ; 2 bits    ; 28 LEs        ; 4 LEs                ; 24 LEs                 ; Yes        ; |top_level_vhd|tictactoe:tictactoe0|b7[1]                                ;
; 21:1               ; 2 bits    ; 28 LEs        ; 2 LEs                ; 26 LEs                 ; Yes        ; |top_level_vhd|tictactoe:tictactoe0|current_player[1]                    ;
; 21:1               ; 4 bits    ; 56 LEs        ; 4 LEs                ; 52 LEs                 ; Yes        ; |top_level_vhd|tictactoe:tictactoe0|count[3]                             ;
; 23:1               ; 2 bits    ; 30 LEs        ; 4 LEs                ; 26 LEs                 ; Yes        ; |top_level_vhd|tictactoe:tictactoe0|b8[0]                                ;
; 10:1               ; 4 bits    ; 24 LEs        ; 24 LEs               ; 0 LEs                  ; No         ; |top_level_vhd|display_vhd:module_vga|color_rom_vhd:color_rom0|o_blue[7] ;
+--------------------+-----------+---------------+----------------------+------------------------+------------+--------------------------------------------------------------------------+


+-----------------------------------------------------------------------------------------------------------------------+
; Port Connectivity Checks: "tictactoe:tictactoe0"                                                                      ;
+-------------+--------+----------+-------------------------------------------------------------------------------------+
; Port        ; Type   ; Severity ; Details                                                                             ;
+-------------+--------+----------+-------------------------------------------------------------------------------------+
; o_countturn ; Output ; Info     ; Connected to dangling logic. Logic that only feeds a dangling port will be removed. ;
+-------------+--------+----------+-------------------------------------------------------------------------------------+


+-------------------------------------------------------------------------------------------------------------------------+
; Port Connectivity Checks: "display_vhd:module_vga|color_rom_vhd:color_rom0"                                             ;
+---------------+--------+----------+-------------------------------------------------------------------------------------+
; Port          ; Type   ; Severity ; Details                                                                             ;
+---------------+--------+----------+-------------------------------------------------------------------------------------+
; o_red[1..0]   ; Output ; Info     ; Connected to dangling logic. Logic that only feeds a dangling port will be removed. ;
; o_green[1..0] ; Output ; Info     ; Connected to dangling logic. Logic that only feeds a dangling port will be removed. ;
; o_blue[1..0]  ; Output ; Info     ; Connected to dangling logic. Logic that only feeds a dangling port will be removed. ;
+---------------+--------+----------+-------------------------------------------------------------------------------------+


+--------------------------------------------------------------------+
; Port Connectivity Checks: "display_vhd:module_vga|vga:vga_driver0" ;
+---------+-------+----------+---------------------------------------+
; Port    ; Type  ; Severity ; Details                               ;
+---------+-------+----------+---------------------------------------+
; i_red   ; Input ; Info     ; Stuck at VCC                          ;
; i_green ; Input ; Info     ; Stuck at VCC                          ;
; i_blue  ; Input ; Info     ; Stuck at VCC                          ;
+---------+-------+----------+---------------------------------------+


+--------------------------------------------------------------------------------------------------------------------+
; Port Connectivity Checks: "display_vhd:module_vga"                                                                 ;
+----------+--------+----------+-------------------------------------------------------------------------------------+
; Port     ; Type   ; Severity ; Details                                                                             ;
+----------+--------+----------+-------------------------------------------------------------------------------------+
; ledtest1 ; Output ; Info     ; Connected to dangling logic. Logic that only feeds a dangling port will be removed. ;
+----------+--------+----------+-------------------------------------------------------------------------------------+


+-------------------------------+
; Analysis & Synthesis Messages ;
+-------------------------------+
Info: *******************************************************************
Info: Running Quartus II Analysis & Synthesis
    Info: Version 9.1 Build 222 10/21/2009 SJ Web Edition
    Info: Processing started: Fri Nov 29 09:30:37 2019
Info: Command: quartus_map --read_settings_files=on --write_settings_files=off top_level_vhd -c top_level_vhd
Info: Found 2 design units, including 1 entities, in source file color_rom_vhd.vhd
    Info: Found design unit 1: color_rom_vhd-behavioral
    Info: Found entity 1: color_rom_vhd
Info: Found 2 design units, including 1 entities, in source file display_vhd.vhd
    Info: Found design unit 1: display_vhd-behavioral
    Info: Found entity 1: display_vhd
Info: Found 2 design units, including 1 entities, in source file pll_vhd.vhd
    Info: Found design unit 1: pll_vhd-SYN
    Info: Found entity 1: pll_vhd
Info: Found 2 design units, including 1 entities, in source file top_level_vhd.vhd
    Info: Found design unit 1: top_level_vhd-behavioral
    Info: Found entity 1: top_level_vhd
Info: Found 2 design units, including 1 entities, in source file vga.vhd
    Info: Found design unit 1: vga-behavioral
    Info: Found entity 1: vga
Info: Found 2 design units, including 1 entities, in source file clockdiv.vhd
    Info: Found design unit 1: CLOCKDIV-behavioural
    Info: Found entity 1: CLOCKDIV
Info: Found 2 design units, including 1 entities, in source file tictactoe.vhd
    Info: Found design unit 1: tictactoe-FSM
    Info: Found entity 1: tictactoe
Info: Elaborating entity "top_level_vhd" for the top level hierarchy
Warning (10541): VHDL Signal Declaration warning at top_level_vhd.vhd(17): used implicit default value for signal "GPIO_0" because signal was never assigned a value or an explicit default value. Use of implicit default value may introduce unintended design optimizations.
Warning (10036): Verilog HDL or VHDL warning at top_level_vhd.vhd(27): object "ledtest2" assigned a value but never read
Warning (10034): Output port "LEDR" at top_level_vhd.vhd(18) has no driver
Info: Elaborating entity "display_vhd" for hierarchy "display_vhd:module_vga"
Warning (10541): VHDL Signal Declaration warning at display_vhd.vhd(29): used implicit default value for signal "VGA_CLK" because signal was never assigned a value or an explicit default value. Use of implicit default value may introduce unintended design optimizations.
Warning (10541): VHDL Signal Declaration warning at display_vhd.vhd(30): used implicit default value for signal "VGA_BLANK" because signal was never assigned a value or an explicit default value. Use of implicit default value may introduce unintended design optimizations.
Info: Elaborating entity "vga" for hierarchy "display_vhd:module_vga|vga:vga_driver0"
Info: Elaborating entity "color_rom_vhd" for hierarchy "display_vhd:module_vga|color_rom_vhd:color_rom0"
Warning (10541): VHDL Signal Declaration warning at color_rom_vhd.vhd(28): used implicit default value for signal "ledtest" because signal was never assigned a value or an explicit default value. Use of implicit default value may introduce unintended design optimizations.
Warning (10492): VHDL Process Statement warning at color_rom_vhd.vhd(244): signal "count_i" is read inside the Process Statement but isn't in the Process Statement's sensitivity list
Warning (10492): VHDL Process Statement warning at color_rom_vhd.vhd(253): signal "count_i" is read inside the Process Statement but isn't in the Process Statement's sensitivity list
Warning (10492): VHDL Process Statement warning at color_rom_vhd.vhd(262): signal "count_i" is read inside the Process Statement but isn't in the Process Statement's sensitivity list
Warning (10492): VHDL Process Statement warning at color_rom_vhd.vhd(271): signal "count_i" is read inside the Process Statement but isn't in the Process Statement's sensitivity list
Warning (10492): VHDL Process Statement warning at color_rom_vhd.vhd(280): signal "count_i" is read inside the Process Statement but isn't in the Process Statement's sensitivity list
Warning (10492): VHDL Process Statement warning at color_rom_vhd.vhd(289): signal "count_i" is read inside the Process Statement but isn't in the Process Statement's sensitivity list
Warning (10492): VHDL Process Statement warning at color_rom_vhd.vhd(298): signal "count_i" is read inside the Process Statement but isn't in the Process Statement's sensitivity list
Warning (10492): VHDL Process Statement warning at color_rom_vhd.vhd(307): signal "count_i" is read inside the Process Statement but isn't in the Process Statement's sensitivity list
Warning (10492): VHDL Process Statement warning at color_rom_vhd.vhd(316): signal "count_i" is read inside the Process Statement but isn't in the Process Statement's sensitivity list
Warning (10492): VHDL Process Statement warning at color_rom_vhd.vhd(327): signal "titleColor1" is read inside the Process Statement but isn't in the Process Statement's sensitivity list
Warning (10492): VHDL Process Statement warning at color_rom_vhd.vhd(328): signal "titleColor2" is read inside the Process Statement but isn't in the Process Statement's sensitivity list
Warning (10492): VHDL Process Statement warning at color_rom_vhd.vhd(329): signal "titleColor3" is read inside the Process Statement but isn't in the Process Statement's sensitivity list
Warning (10492): VHDL Process Statement warning at color_rom_vhd.vhd(330): signal "titleColor1" is read inside the Process Statement but isn't in the Process Statement's sensitivity list
Warning (10492): VHDL Process Statement warning at color_rom_vhd.vhd(330): signal "titleColor2" is read inside the Process Statement but isn't in the Process Statement's sensitivity list
Warning (10492): VHDL Process Statement warning at color_rom_vhd.vhd(330): signal "titleColor3" is read inside the Process Statement but isn't in the Process Statement's sensitivity list
Warning (10631): VHDL Process Statement warning at color_rom_vhd.vhd(113): inferring latch(es) for signal or variable "o_red", which holds its previous value in one or more paths through the process
Warning (10631): VHDL Process Statement warning at color_rom_vhd.vhd(113): inferring latch(es) for signal or variable "o_green", which holds its previous value in one or more paths through the process
Warning (10631): VHDL Process Statement warning at color_rom_vhd.vhd(113): inferring latch(es) for signal or variable "o_blue", which holds its previous value in one or more paths through the process
Info (10041): Inferred latch for "o_blue[0]" at color_rom_vhd.vhd(113)
Info (10041): Inferred latch for "o_blue[1]" at color_rom_vhd.vhd(113)
Info (10041): Inferred latch for "o_blue[2]" at color_rom_vhd.vhd(113)
Info (10041): Inferred latch for "o_blue[3]" at color_rom_vhd.vhd(113)
Info (10041): Inferred latch for "o_blue[4]" at color_rom_vhd.vhd(113)
Info (10041): Inferred latch for "o_blue[5]" at color_rom_vhd.vhd(113)
Info (10041): Inferred latch for "o_blue[6]" at color_rom_vhd.vhd(113)
Info (10041): Inferred latch for "o_blue[7]" at color_rom_vhd.vhd(113)
Info (10041): Inferred latch for "o_green[0]" at color_rom_vhd.vhd(113)
Info (10041): Inferred latch for "o_green[1]" at color_rom_vhd.vhd(113)
Info (10041): Inferred latch for "o_green[2]" at color_rom_vhd.vhd(113)
Info (10041): Inferred latch for "o_green[3]" at color_rom_vhd.vhd(113)
Info (10041): Inferred latch for "o_green[4]" at color_rom_vhd.vhd(113)
Info (10041): Inferred latch for "o_green[5]" at color_rom_vhd.vhd(113)
Info (10041): Inferred latch for "o_green[6]" at color_rom_vhd.vhd(113)
Info (10041): Inferred latch for "o_green[7]" at color_rom_vhd.vhd(113)
Info (10041): Inferred latch for "o_red[0]" at color_rom_vhd.vhd(113)
Info (10041): Inferred latch for "o_red[1]" at color_rom_vhd.vhd(113)
Info (10041): Inferred latch for "o_red[2]" at color_rom_vhd.vhd(113)
Info (10041): Inferred latch for "o_red[3]" at color_rom_vhd.vhd(113)
Info (10041): Inferred latch for "o_red[4]" at color_rom_vhd.vhd(113)
Info (10041): Inferred latch for "o_red[5]" at color_rom_vhd.vhd(113)
Info (10041): Inferred latch for "o_red[6]" at color_rom_vhd.vhd(113)
Info (10041): Inferred latch for "o_red[7]" at color_rom_vhd.vhd(113)
Info: Elaborating entity "tictactoe" for hierarchy "tictactoe:tictactoe0"
Info: Elaborating entity "CLOCKDIV" for hierarchy "CLOCKDIV:detik"
Info: Duplicate LATCH primitives merged into single LATCH primitive
    Info: Duplicate LATCH primitive "display_vhd:module_vga|color_rom_vhd:color_rom0|o_red[6]" merged with LATCH primitive "display_vhd:module_vga|color_rom_vhd:color_rom0|o_red[2]"
    Info: Duplicate LATCH primitive "display_vhd:module_vga|color_rom_vhd:color_rom0|o_red[4]" merged with LATCH primitive "display_vhd:module_vga|color_rom_vhd:color_rom0|o_red[2]"
    Info: Duplicate LATCH primitive "display_vhd:module_vga|color_rom_vhd:color_rom0|o_red[7]" merged with LATCH primitive "display_vhd:module_vga|color_rom_vhd:color_rom0|o_red[3]"
    Info: Duplicate LATCH primitive "display_vhd:module_vga|color_rom_vhd:color_rom0|o_green[6]" merged with LATCH primitive "display_vhd:module_vga|color_rom_vhd:color_rom0|o_green[2]"
    Info: Duplicate LATCH primitive "display_vhd:module_vga|color_rom_vhd:color_rom0|o_green[5]" merged with LATCH primitive "display_vhd:module_vga|color_rom_vhd:color_rom0|o_green[2]"
    Info: Duplicate LATCH primitive "display_vhd:module_vga|color_rom_vhd:color_rom0|o_green[4]" merged with LATCH primitive "display_vhd:module_vga|color_rom_vhd:color_rom0|o_green[2]"
    Info: Duplicate LATCH primitive "display_vhd:module_vga|color_rom_vhd:color_rom0|o_green[7]" merged with LATCH primitive "display_vhd:module_vga|color_rom_vhd:color_rom0|o_green[3]"
    Info: Duplicate LATCH primitive "display_vhd:module_vga|color_rom_vhd:color_rom0|o_blue[6]" merged with LATCH primitive "display_vhd:module_vga|color_rom_vhd:color_rom0|o_blue[2]"
    Info: Duplicate LATCH primitive "display_vhd:module_vga|color_rom_vhd:color_rom0|o_blue[5]" merged with LATCH primitive "display_vhd:module_vga|color_rom_vhd:color_rom0|o_blue[2]"
    Info: Duplicate LATCH primitive "display_vhd:module_vga|color_rom_vhd:color_rom0|o_blue[4]" merged with LATCH primitive "display_vhd:module_vga|color_rom_vhd:color_rom0|o_blue[2]"
    Info: Duplicate LATCH primitive "display_vhd:module_vga|color_rom_vhd:color_rom0|o_blue[7]" merged with LATCH primitive "display_vhd:module_vga|color_rom_vhd:color_rom0|o_blue[3]"
Warning: Latch display_vhd:module_vga|color_rom_vhd:color_rom0|o_red[2] has unsafe behavior
    Warning: Ports D and ENA on the latch are fed by the same signal tictactoe:tictactoe0|count[0]
    Warning: Ports ENA and PRE on the latch are fed by the same signal display_vhd:module_vga|vga:vga_driver0|o_pixel_row[8]
Warning: Latch display_vhd:module_vga|color_rom_vhd:color_rom0|o_red[3] has unsafe behavior
    Warning: Ports D and ENA on the latch are fed by the same signal tictactoe:tictactoe0|count[0]
    Warning: Ports ENA and PRE on the latch are fed by the same signal display_vhd:module_vga|vga:vga_driver0|o_pixel_row[8]
Warning: Latch display_vhd:module_vga|color_rom_vhd:color_rom0|o_red[5] has unsafe behavior
    Warning: Ports D and ENA on the latch are fed by the same signal tictactoe:tictactoe0|count[0]
    Warning: Ports ENA and PRE on the latch are fed by the same signal display_vhd:module_vga|vga:vga_driver0|o_pixel_row[8]
Warning: Latch display_vhd:module_vga|color_rom_vhd:color_rom0|o_green[2] has unsafe behavior
    Warning: Ports D and ENA on the latch are fed by the same signal tictactoe:tictactoe0|count[0]
    Warning: Ports ENA and PRE on the latch are fed by the same signal display_vhd:module_vga|vga:vga_driver0|o_pixel_row[8]
Warning: Latch display_vhd:module_vga|color_rom_vhd:color_rom0|o_green[3] has unsafe behavior
    Warning: Ports D and ENA on the latch are fed by the same signal tictactoe:tictactoe0|count[0]
    Warning: Ports ENA and PRE on the latch are fed by the same signal display_vhd:module_vga|vga:vga_driver0|o_pixel_row[8]
Warning: Latch display_vhd:module_vga|color_rom_vhd:color_rom0|o_blue[2] has unsafe behavior
    Warning: Ports D and ENA on the latch are fed by the same signal tictactoe:tictactoe0|count[0]
    Warning: Ports ENA and PRE on the latch are fed by the same signal display_vhd:module_vga|vga:vga_driver0|o_pixel_row[8]
Warning: Latch display_vhd:module_vga|color_rom_vhd:color_rom0|o_blue[3] has unsafe behavior
    Warning: Ports D and ENA on the latch are fed by the same signal tictactoe:tictactoe0|count[0]
    Warning: Ports ENA and CLR on the latch are fed by the same signal display_vhd:module_vga|vga:vga_driver0|o_pixel_row[8]
Warning: Output pins are stuck at VCC or GND
    Warning (13410): Pin "VGA_CLK" is stuck at GND
    Warning (13410): Pin "VGA_BLANK" is stuck at GND
    Warning (13410): Pin "GPIO_0[0]" is stuck at GND
    Warning (13410): Pin "GPIO_0[1]" is stuck at GND
    Warning (13410): Pin "GPIO_0[2]" is stuck at GND
    Warning (13410): Pin "GPIO_0[3]" is stuck at GND
    Warning (13410): Pin "GPIO_0[4]" is stuck at GND
    Warning (13410): Pin "GPIO_0[5]" is stuck at GND
    Warning (13410): Pin "GPIO_0[6]" is stuck at GND
    Warning (13410): Pin "GPIO_0[7]" is stuck at GND
    Warning (13410): Pin "GPIO_0[8]" is stuck at GND
    Warning (13410): Pin "GPIO_0[9]" is stuck at GND
    Warning (13410): Pin "GPIO_0[10]" is stuck at GND
    Warning (13410): Pin "GPIO_0[11]" is stuck at GND
    Warning (13410): Pin "GPIO_0[12]" is stuck at GND
    Warning (13410): Pin "GPIO_0[13]" is stuck at GND
    Warning (13410): Pin "GPIO_0[14]" is stuck at GND
    Warning (13410): Pin "GPIO_0[15]" is stuck at GND
    Warning (13410): Pin "GPIO_0[16]" is stuck at GND
    Warning (13410): Pin "GPIO_0[17]" is stuck at GND
    Warning (13410): Pin "GPIO_0[18]" is stuck at GND
    Warning (13410): Pin "GPIO_0[19]" is stuck at GND
    Warning (13410): Pin "GPIO_0[20]" is stuck at GND
    Warning (13410): Pin "GPIO_0[21]" is stuck at GND
    Warning (13410): Pin "GPIO_0[22]" is stuck at GND
    Warning (13410): Pin "GPIO_0[23]" is stuck at GND
    Warning (13410): Pin "GPIO_0[24]" is stuck at GND
    Warning (13410): Pin "GPIO_0[25]" is stuck at GND
    Warning (13410): Pin "GPIO_0[26]" is stuck at GND
    Warning (13410): Pin "GPIO_0[27]" is stuck at GND
    Warning (13410): Pin "GPIO_0[28]" is stuck at GND
    Warning (13410): Pin "GPIO_0[29]" is stuck at GND
    Warning (13410): Pin "GPIO_0[30]" is stuck at GND
    Warning (13410): Pin "GPIO_0[31]" is stuck at GND
    Warning (13410): Pin "GPIO_0[32]" is stuck at GND
    Warning (13410): Pin "GPIO_0[33]" is stuck at GND
    Warning (13410): Pin "GPIO_0[34]" is stuck at GND
    Warning (13410): Pin "GPIO_0[35]" is stuck at GND
    Warning (13410): Pin "LEDR[0]" is stuck at GND
    Warning (13410): Pin "LEDR[1]" is stuck at GND
    Warning (13410): Pin "LEDR[2]" is stuck at GND
    Warning (13410): Pin "LEDR[3]" is stuck at GND
    Warning (13410): Pin "LEDR[4]" is stuck at GND
    Warning (13410): Pin "LEDR[5]" is stuck at GND
    Warning (13410): Pin "LEDR[6]" is stuck at GND
    Warning (13410): Pin "LEDR[7]" is stuck at GND
    Warning (13410): Pin "LEDR[8]" is stuck at GND
    Warning (13410): Pin "LEDR[9]" is stuck at GND
Warning: Design contains 7 input pin(s) that do not drive logic
    Warning (15610): No output dependent on input pin "SW[3]"
    Warning (15610): No output dependent on input pin "SW[4]"
    Warning (15610): No output dependent on input pin "SW[5]"
    Warning (15610): No output dependent on input pin "SW[6]"
    Warning (15610): No output dependent on input pin "SW[7]"
    Warning (15610): No output dependent on input pin "SW[8]"
    Warning (15610): No output dependent on input pin "SW[9]"
Info: Implemented 513 device resources after synthesis - the final resource count might be different
    Info: Implemented 11 input pins
    Info: Implemented 68 output pins
    Info: Implemented 434 logic cells
Info: Quartus II Analysis & Synthesis was successful. 0 errors, 102 warnings
    Info: Peak virtual memory: 215 megabytes
    Info: Processing ended: Fri Nov 29 09:30:40 2019
    Info: Elapsed time: 00:00:03
    Info: Total CPU time (on all processors): 00:00:04


